# JRE version: Java(TM) SE Runtime Environment (21.0.3+7) (build 21.0.3+7-LTS-152)
# Java VM: Java HotSpot(TM) 64-Bit Server VM (21.0.3+7-LTS-152, mixed mode, sharing, tiered, compressed oops, compressed class ptrs, g1 gc, windows-amd64)
GC Precious Log:
 CardTable entry size: 512
 Card Set container configuration: InlinePtr #cards 4 size 8 Array Of Cards #cards 32 size 80 Howl #buckets 8 coarsen threshold 7372 Howl Bitmap #cards 1024 size 144 coarsen threshold 921 Card regions per heap region 1 cards per card region 8192
 CPUs: 8 total, 8 available
 Memory: 5989M
 Large Page Support: Disabled
 NUMA Support: Disabled
 Compressed Oops: Enabled (Zero based)
 Heap Region Size: 4M
 Heap Min Capacity: 8M
 Heap Initial Capacity: 96M
 Heap Max Capacity: 8G
 Pre-touch: Disabled
 Parallel Workers: 8
 Concurrent Workers: 2
 Concurrent Refinement Workers: 8
 Periodic GC: Disabled
Heap:
 garbage-first heap   total 315392K, used 196492K [0x0000000600000000, 0x0000000800000000)
  region size 4096K, 8 young (32768K), 4 survivors (16384K)
 Metaspace       used 149095K, committed 152000K, reserved 1245184K
  class space    used 19750K, committed 21184K, reserved 1048576K
GC Heap History (20 events):
Event: 55.109 GC heap before
{Heap before GC invocations=41 (full 0):
 garbage-first heap   total 221184K, used 195302K [0x0000000600000000, 0x0000000800000000)
  region size 4096K, 20 young (81920K), 1 survivors (4096K)
 Metaspace       used 92713K, committed 95040K, reserved 1179648K
  class space    used 12954K, committed 14080K, reserved 1048576K
}
Event: 55.116 GC heap after
{Heap after GC invocations=42 (full 0):
 garbage-first heap   total 221184K, used 115689K [0x0000000600000000, 0x0000000800000000)
  region size 4096K, 2 young (8192K), 2 survivors (8192K)
 Metaspace       used 92713K, committed 95040K, reserved 1179648K
  class space    used 12954K, committed 14080K, reserved 1048576K
}
Event: 56.623 GC heap before
{Heap before GC invocations=42 (full 0):
 garbage-first heap   total 221184K, used 193513K [0x0000000600000000, 0x0000000800000000)
  region size 4096K, 21 young (86016K), 2 survivors (8192K)
 Metaspace       used 97873K, committed 100288K, reserved 1179648K
  class space    used 13596K, committed 14784K, reserved 1048576K
}
Event: 56.631 GC heap after
{Heap after GC invocations=43 (full 0):
 garbage-first heap   total 221184K, used 122500K [0x0000000600000000, 0x0000000800000000)
  region size 4096K, 3 young (12288K), 3 survivors (12288K)
 Metaspace       used 97873K, committed 100288K, reserved 1179648K
  class space    used 13596K, committed 14784K, reserved 1048576K
}
Event: 59.447 GC heap before
{Heap before GC invocations=44 (full 0):
 garbage-first heap   total 221184K, used 200324K [0x0000000600000000, 0x0000000800000000)
  region size 4096K, 20 young (81920K), 3 survivors (12288K)
 Metaspace       used 107823K, committed 110272K, reserved 1179648K
  class space    used 15316K, committed 16512K, reserved 1048576K
}
Event: 59.456 GC heap after
{Heap after GC invocations=45 (full 0):
 garbage-first heap   total 221184K, used 124309K [0x0000000600000000, 0x0000000800000000)
  region size 4096K, 1 young (4096K), 1 survivors (4096K)
 Metaspace       used 107823K, committed 110272K, reserved 1179648K
  class space    used 15316K, committed 16512K, reserved 1048576K
}
Event: 60.204 GC heap before
{Heap before GC invocations=45 (full 0):
 garbage-first heap   total 221184K, used 206229K [0x0000000600000000, 0x0000000800000000)
  region size 4096K, 19 young (77824K), 1 survivors (4096K)
 Metaspace       used 108460K, committed 110976K, reserved 1179648K
  class space    used 15366K, committed 16576K, reserved 1048576K
}
Event: 60.232 GC heap after
{Heap after GC invocations=46 (full 0):
 garbage-first heap   total 237568K, used 141738K [0x0000000600000000, 0x0000000800000000)
  region size 4096K, 3 young (12288K), 3 survivors (12288K)
 Metaspace       used 108460K, committed 110976K, reserved 1179648K
  class space    used 15366K, committed 16576K, reserved 1048576K
}
Event: 61.424 GC heap before
{Heap before GC invocations=46 (full 0):
 garbage-first heap   total 237568K, used 190890K [0x0000000600000000, 0x0000000800000000)
  region size 4096K, 16 young (65536K), 3 survivors (12288K)
 Metaspace       used 112837K, committed 115328K, reserved 1179648K
  class space    used 15867K, committed 17088K, reserved 1048576K
}
Event: 61.437 GC heap after
{Heap after GC invocations=47 (full 0):
 garbage-first heap   total 237568K, used 149973K [0x0000000600000000, 0x0000000800000000)
  region size 4096K, 2 young (8192K), 2 survivors (8192K)
 Metaspace       used 112837K, committed 115328K, reserved 1179648K
  class space    used 15867K, committed 17088K, reserved 1048576K
}
Event: 63.079 GC heap before
{Heap before GC invocations=48 (full 0):
 garbage-first heap   total 282624K, used 215509K [0x0000000600000000, 0x0000000800000000)
  region size 4096K, 16 young (65536K), 2 survivors (8192K)
 Metaspace       used 118348K, committed 120896K, reserved 1179648K
  class space    used 16344K, committed 17600K, reserved 1048576K
}
Event: 63.088 GC heap after
{Heap after GC invocations=49 (full 0):
 garbage-first heap   total 282624K, used 164751K [0x0000000600000000, 0x0000000800000000)
  region size 4096K, 2 young (8192K), 2 survivors (8192K)
 Metaspace       used 118348K, committed 120896K, reserved 1179648K
  class space    used 16344K, committed 17600K, reserved 1048576K
}
Event: 68.878 GC heap before
{Heap before GC invocations=49 (full 0):
 garbage-first heap   total 282624K, used 242575K [0x0000000600000000, 0x0000000800000000)
  region size 4096K, 21 young (86016K), 2 survivors (8192K)
 Metaspace       used 127713K, committed 130560K, reserved 1179648K
  class space    used 17589K, committed 19008K, reserved 1048576K
}
Event: 68.892 GC heap after
{Heap after GC invocations=50 (full 0):
 garbage-first heap   total 282624K, used 167695K [0x0000000600000000, 0x0000000800000000)
  region size 4096K, 3 young (12288K), 3 survivors (12288K)
 Metaspace       used 127713K, committed 130560K, reserved 1179648K
  class space    used 17589K, committed 19008K, reserved 1048576K
}
Event: 70.719 GC heap before
{Heap before GC invocations=50 (full 0):
 garbage-first heap   total 282624K, used 245519K [0x0000000600000000, 0x0000000800000000)
  region size 4096K, 22 young (90112K), 3 survivors (12288K)
 Metaspace       used 130202K, committed 133056K, reserved 1179648K
  class space    used 17850K, committed 19264K, reserved 1048576K
}
Event: 70.730 GC heap after
{Heap after GC invocations=51 (full 0):
 garbage-first heap   total 282624K, used 173454K [0x0000000600000000, 0x0000000800000000)
  region size 4096K, 3 young (12288K), 3 survivors (12288K)
 Metaspace       used 130202K, committed 133056K, reserved 1179648K
  class space    used 17850K, committed 19264K, reserved 1048576K
}
Event: 72.069 GC heap before
{Heap before GC invocations=52 (full 0):
 garbage-first heap   total 315392K, used 247182K [0x0000000600000000, 0x0000000800000000)
  region size 4096K, 21 young (86016K), 3 survivors (12288K)
 Metaspace       used 133706K, committed 136576K, reserved 1179648K
  class space    used 18221K, committed 19648K, reserved 1048576K
}
Event: 72.083 GC heap after
{Heap after GC invocations=53 (full 0):
 garbage-first heap   total 315392K, used 179930K [0x0000000600000000, 0x0000000800000000)
  region size 4096K, 3 young (12288K), 3 survivors (12288K)
 Metaspace       used 133706K, committed 136576K, reserved 1179648K
  class space    used 18221K, committed 19648K, reserved 1048576K
}
Event: 74.776 GC heap before
{Heap before GC invocations=53 (full 0):
 garbage-first heap   total 315392K, used 278234K [0x0000000600000000, 0x0000000800000000)
  region size 4096K, 27 young (110592K), 3 survivors (12288K)
 Metaspace       used 146599K, committed 149568K, reserved 1179648K
  class space    used 19537K, committed 20992K, reserved 1048576K
}
Event: 74.798 GC heap after
{Heap after GC invocations=54 (full 0):
 garbage-first heap   total 315392K, used 184204K [0x0000000600000000, 0x0000000800000000)
  region size 4096K, 4 young (16384K), 4 survivors (16384K)
 Metaspace       used 146599K, committed 149568K, reserved 1179648K
  class space    used 19537K, committed 20992K, reserved 1048576K
}

